<?xml version="1.0" encoding="UTF-8"?>
<testsuite xmlns:xsi="http://www.w3.org/2001/XMLSchema-instance" xsi:noNamespaceSchemaLocation="https://maven.apache.org/surefire/maven-surefire-plugin/xsd/surefire-test-report.xsd" name="com.example.demo.DemoApplicationTests" time="3.274" tests="1" errors="0" skipped="0" failures="0">
  <properties>
    <property name="sun.desktop" value="windows"/>
    <property name="awt.toolkit" value="sun.awt.windows.WToolkit"/>
    <property name="file.encoding.pkg" value="sun.io"/>
    <property name="java.specification.version" value="1.8"/>
    <property name="sun.cpu.isalist" value="amd64"/>
    <property name="sun.jnu.encoding" value="GBK"/>
    <property name="java.class.path" value="E:\ideaSpace\MyJava\demo\target\test-classes;E:\ideaSpace\MyJava\demo\target\classes;E:\software\java\apache-maven-3.3.9\LIB-DOWNLOADS\org\springframework\boot\spring-boot-starter\2.0.5.RELEASE\spring-boot-starter-2.0.5.RELEASE.jar;E:\software\java\apache-maven-3.3.9\LIB-DOWNLOADS\org\springframework\boot\spring-boot\2.0.5.RELEASE\spring-boot-2.0.5.RELEASE.jar;E:\software\java\apache-maven-3.3.9\LIB-DOWNLOADS\org\springframework\spring-context\5.0.9.RELEASE\spring-context-5.0.9.RELEASE.jar;E:\software\java\apache-maven-3.3.9\LIB-DOWNLOADS\org\springframework\spring-aop\5.0.9.RELEASE\spring-aop-5.0.9.RELEASE.jar;E:\software\java\apache-maven-3.3.9\LIB-DOWNLOADS\org\springframework\spring-beans\5.0.9.RELEASE\spring-beans-5.0.9.RELEASE.jar;E:\software\java\apache-maven-3.3.9\LIB-DOWNLOADS\org\springframework\spring-expression\5.0.9.RELEASE\spring-expression-5.0.9.RELEASE.jar;E:\software\java\apache-maven-3.3.9\LIB-DOWNLOADS\org\springframework\boot\spring-boot-autoconfigure\2.0.5.RELEASE\spring-boot-autoconfigure-2.0.5.RELEASE.jar;E:\software\java\apache-maven-3.3.9\LIB-DOWNLOADS\org\springframework\boot\spring-boot-starter-logging\2.0.5.RELEASE\spring-boot-starter-logging-2.0.5.RELEASE.jar;E:\software\java\apache-maven-3.3.9\LIB-DOWNLOADS\ch\qos\logback\logback-classic\1.2.3\logback-classic-1.2.3.jar;E:\software\java\apache-maven-3.3.9\LIB-DOWNLOADS\ch\qos\logback\logback-core\1.2.3\logback-core-1.2.3.jar;E:\software\java\apache-maven-3.3.9\LIB-DOWNLOADS\org\apache\logging\log4j\log4j-to-slf4j\2.10.0\log4j-to-slf4j-2.10.0.jar;E:\software\java\apache-maven-3.3.9\LIB-DOWNLOADS\org\apache\logging\log4j\log4j-api\2.10.0\log4j-api-2.10.0.jar;E:\software\java\apache-maven-3.3.9\LIB-DOWNLOADS\org\slf4j\jul-to-slf4j\1.7.25\jul-to-slf4j-1.7.25.jar;E:\software\java\apache-maven-3.3.9\LIB-DOWNLOADS\javax\annotation\javax.annotation-api\1.3.2\javax.annotation-api-1.3.2.jar;E:\software\java\apache-maven-3.3.9\LIB-DOWNLOADS\org\springframework\spring-core\5.0.9.RELEASE\spring-core-5.0.9.RELEASE.jar;E:\software\java\apache-maven-3.3.9\LIB-DOWNLOADS\org\springframework\spring-jcl\5.0.9.RELEASE\spring-jcl-5.0.9.RELEASE.jar;E:\software\java\apache-maven-3.3.9\LIB-DOWNLOADS\org\yaml\snakeyaml\1.19\snakeyaml-1.19.jar;E:\software\java\apache-maven-3.3.9\LIB-DOWNLOADS\org\springframework\boot\spring-boot-starter-test\2.0.5.RELEASE\spring-boot-starter-test-2.0.5.RELEASE.jar;E:\software\java\apache-maven-3.3.9\LIB-DOWNLOADS\org\springframework\boot\spring-boot-test\2.0.5.RELEASE\spring-boot-test-2.0.5.RELEASE.jar;E:\software\java\apache-maven-3.3.9\LIB-DOWNLOADS\org\springframework\boot\spring-boot-test-autoconfigure\2.0.5.RELEASE\spring-boot-test-autoconfigure-2.0.5.RELEASE.jar;E:\software\java\apache-maven-3.3.9\LIB-DOWNLOADS\com\jayway\jsonpath\json-path\2.4.0\json-path-2.4.0.jar;E:\software\java\apache-maven-3.3.9\LIB-DOWNLOADS\net\minidev\json-smart\2.3\json-smart-2.3.jar;E:\software\java\apache-maven-3.3.9\LIB-DOWNLOADS\net\minidev\accessors-smart\1.2\accessors-smart-1.2.jar;E:\software\java\apache-maven-3.3.9\LIB-DOWNLOADS\org\ow2\asm\asm\5.0.4\asm-5.0.4.jar;E:\software\java\apache-maven-3.3.9\LIB-DOWNLOADS\org\slf4j\slf4j-api\1.7.25\slf4j-api-1.7.25.jar;E:\software\java\apache-maven-3.3.9\LIB-DOWNLOADS\junit\junit\4.12\junit-4.12.jar;E:\software\java\apache-maven-3.3.9\LIB-DOWNLOADS\org\assertj\assertj-core\3.9.1\assertj-core-3.9.1.jar;E:\software\java\apache-maven-3.3.9\LIB-DOWNLOADS\org\mockito\mockito-core\2.15.0\mockito-core-2.15.0.jar;E:\software\java\apache-maven-3.3.9\LIB-DOWNLOADS\net\bytebuddy\byte-buddy\1.7.11\byte-buddy-1.7.11.jar;E:\software\java\apache-maven-3.3.9\LIB-DOWNLOADS\net\bytebuddy\byte-buddy-agent\1.7.11\byte-buddy-agent-1.7.11.jar;E:\software\java\apache-maven-3.3.9\LIB-DOWNLOADS\org\objenesis\objenesis\2.6\objenesis-2.6.jar;E:\software\java\apache-maven-3.3.9\LIB-DOWNLOADS\org\hamcrest\hamcrest-core\1.3\hamcrest-core-1.3.jar;E:\software\java\apache-maven-3.3.9\LIB-DOWNLOADS\org\hamcrest\hamcrest-library\1.3\hamcrest-library-1.3.jar;E:\software\java\apache-maven-3.3.9\LIB-DOWNLOADS\org\skyscreamer\jsonassert\1.5.0\jsonassert-1.5.0.jar;E:\software\java\apache-maven-3.3.9\LIB-DOWNLOADS\com\vaadin\external\google\android-json\0.0.20131108.vaadin1\android-json-0.0.20131108.vaadin1.jar;E:\software\java\apache-maven-3.3.9\LIB-DOWNLOADS\org\springframework\spring-test\5.0.9.RELEASE\spring-test-5.0.9.RELEASE.jar;E:\software\java\apache-maven-3.3.9\LIB-DOWNLOADS\org\xmlunit\xmlunit-core\2.5.1\xmlunit-core-2.5.1.jar;"/>
    <property name="java.vm.vendor" value="Oracle Corporation"/>
    <property name="sun.arch.data.model" value="64"/>
    <property name="user.variant" value=""/>
    <property name="java.vendor.url" value="http://java.oracle.com/"/>
    <property name="user.timezone" value=""/>
    <property name="java.vm.specification.version" value="1.8"/>
    <property name="os.name" value="Windows 10"/>
    <property name="user.country" value="CN"/>
    <property name="sun.java.launcher" value="SUN_STANDARD"/>
    <property name="sun.boot.library.path" value="E:\software\java\JDK8\jre\bin"/>
    <property name="sun.java.command" value="C:\Users\dingsj\AppData\Local\Temp\surefire1695983127865366721\surefirebooter6061481991133391660.jar C:\Users\dingsj\AppData\Local\Temp\surefire1695983127865366721 2020-03-23T15-34-53_985-jvmRun1 surefire3532721493288806333tmp surefire_01551821973542250145tmp"/>
    <property name="surefire.test.class.path" value="E:\ideaSpace\MyJava\demo\target\test-classes;E:\ideaSpace\MyJava\demo\target\classes;E:\software\java\apache-maven-3.3.9\LIB-DOWNLOADS\org\springframework\boot\spring-boot-starter\2.0.5.RELEASE\spring-boot-starter-2.0.5.RELEASE.jar;E:\software\java\apache-maven-3.3.9\LIB-DOWNLOADS\org\springframework\boot\spring-boot\2.0.5.RELEASE\spring-boot-2.0.5.RELEASE.jar;E:\software\java\apache-maven-3.3.9\LIB-DOWNLOADS\org\springframework\spring-context\5.0.9.RELEASE\spring-context-5.0.9.RELEASE.jar;E:\software\java\apache-maven-3.3.9\LIB-DOWNLOADS\org\springframework\spring-aop\5.0.9.RELEASE\spring-aop-5.0.9.RELEASE.jar;E:\software\java\apache-maven-3.3.9\LIB-DOWNLOADS\org\springframework\spring-beans\5.0.9.RELEASE\spring-beans-5.0.9.RELEASE.jar;E:\software\java\apache-maven-3.3.9\LIB-DOWNLOADS\org\springframework\spring-expression\5.0.9.RELEASE\spring-expression-5.0.9.RELEASE.jar;E:\software\java\apache-maven-3.3.9\LIB-DOWNLOADS\org\springframework\boot\spring-boot-autoconfigure\2.0.5.RELEASE\spring-boot-autoconfigure-2.0.5.RELEASE.jar;E:\software\java\apache-maven-3.3.9\LIB-DOWNLOADS\org\springframework\boot\spring-boot-starter-logging\2.0.5.RELEASE\spring-boot-starter-logging-2.0.5.RELEASE.jar;E:\software\java\apache-maven-3.3.9\LIB-DOWNLOADS\ch\qos\logback\logback-classic\1.2.3\logback-classic-1.2.3.jar;E:\software\java\apache-maven-3.3.9\LIB-DOWNLOADS\ch\qos\logback\logback-core\1.2.3\logback-core-1.2.3.jar;E:\software\java\apache-maven-3.3.9\LIB-DOWNLOADS\org\apache\logging\log4j\log4j-to-slf4j\2.10.0\log4j-to-slf4j-2.10.0.jar;E:\software\java\apache-maven-3.3.9\LIB-DOWNLOADS\org\apache\logging\log4j\log4j-api\2.10.0\log4j-api-2.10.0.jar;E:\software\java\apache-maven-3.3.9\LIB-DOWNLOADS\org\slf4j\jul-to-slf4j\1.7.25\jul-to-slf4j-1.7.25.jar;E:\software\java\apache-maven-3.3.9\LIB-DOWNLOADS\javax\annotation\javax.annotation-api\1.3.2\javax.annotation-api-1.3.2.jar;E:\software\java\apache-maven-3.3.9\LIB-DOWNLOADS\org\springframework\spring-core\5.0.9.RELEASE\spring-core-5.0.9.RELEASE.jar;E:\software\java\apache-maven-3.3.9\LIB-DOWNLOADS\org\springframework\spring-jcl\5.0.9.RELEASE\spring-jcl-5.0.9.RELEASE.jar;E:\software\java\apache-maven-3.3.9\LIB-DOWNLOADS\org\yaml\snakeyaml\1.19\snakeyaml-1.19.jar;E:\software\java\apache-maven-3.3.9\LIB-DOWNLOADS\org\springframework\boot\spring-boot-starter-test\2.0.5.RELEASE\spring-boot-starter-test-2.0.5.RELEASE.jar;E:\software\java\apache-maven-3.3.9\LIB-DOWNLOADS\org\springframework\boot\spring-boot-test\2.0.5.RELEASE\spring-boot-test-2.0.5.RELEASE.jar;E:\software\java\apache-maven-3.3.9\LIB-DOWNLOADS\org\springframework\boot\spring-boot-test-autoconfigure\2.0.5.RELEASE\spring-boot-test-autoconfigure-2.0.5.RELEASE.jar;E:\software\java\apache-maven-3.3.9\LIB-DOWNLOADS\com\jayway\jsonpath\json-path\2.4.0\json-path-2.4.0.jar;E:\software\java\apache-maven-3.3.9\LIB-DOWNLOADS\net\minidev\json-smart\2.3\json-smart-2.3.jar;E:\software\java\apache-maven-3.3.9\LIB-DOWNLOADS\net\minidev\accessors-smart\1.2\accessors-smart-1.2.jar;E:\software\java\apache-maven-3.3.9\LIB-DOWNLOADS\org\ow2\asm\asm\5.0.4\asm-5.0.4.jar;E:\software\java\apache-maven-3.3.9\LIB-DOWNLOADS\org\slf4j\slf4j-api\1.7.25\slf4j-api-1.7.25.jar;E:\software\java\apache-maven-3.3.9\LIB-DOWNLOADS\junit\junit\4.12\junit-4.12.jar;E:\software\java\apache-maven-3.3.9\LIB-DOWNLOADS\org\assertj\assertj-core\3.9.1\assertj-core-3.9.1.jar;E:\software\java\apache-maven-3.3.9\LIB-DOWNLOADS\org\mockito\mockito-core\2.15.0\mockito-core-2.15.0.jar;E:\software\java\apache-maven-3.3.9\LIB-DOWNLOADS\net\bytebuddy\byte-buddy\1.7.11\byte-buddy-1.7.11.jar;E:\software\java\apache-maven-3.3.9\LIB-DOWNLOADS\net\bytebuddy\byte-buddy-agent\1.7.11\byte-buddy-agent-1.7.11.jar;E:\software\java\apache-maven-3.3.9\LIB-DOWNLOADS\org\objenesis\objenesis\2.6\objenesis-2.6.jar;E:\software\java\apache-maven-3.3.9\LIB-DOWNLOADS\org\hamcrest\hamcrest-core\1.3\hamcrest-core-1.3.jar;E:\software\java\apache-maven-3.3.9\LIB-DOWNLOADS\org\hamcrest\hamcrest-library\1.3\hamcrest-library-1.3.jar;E:\software\java\apache-maven-3.3.9\LIB-DOWNLOADS\org\skyscreamer\jsonassert\1.5.0\jsonassert-1.5.0.jar;E:\software\java\apache-maven-3.3.9\LIB-DOWNLOADS\com\vaadin\external\google\android-json\0.0.20131108.vaadin1\android-json-0.0.20131108.vaadin1.jar;E:\software\java\apache-maven-3.3.9\LIB-DOWNLOADS\org\springframework\spring-test\5.0.9.RELEASE\spring-test-5.0.9.RELEASE.jar;E:\software\java\apache-maven-3.3.9\LIB-DOWNLOADS\org\xmlunit\xmlunit-core\2.5.1\xmlunit-core-2.5.1.jar;"/>
    <property name="sun.cpu.endian" value="little"/>
    <property name="user.home" value="C:\Users\dingsj"/>
    <property name="user.language" value="zh"/>
    <property name="java.specification.vendor" value="Oracle Corporation"/>
    <property name="java.home" value="E:\software\java\JDK8\jre"/>
    <property name="basedir" value="E:\ideaSpace\MyJava\demo"/>
    <property name="file.separator" value="\"/>
    <property name="line.separator" value="&#10;"/>
    <property name="java.vm.specification.vendor" value="Oracle Corporation"/>
    <property name="java.specification.name" value="Java Platform API Specification"/>
    <property name="java.awt.graphicsenv" value="sun.awt.Win32GraphicsEnvironment"/>
    <property name="surefire.real.class.path" value="C:\Users\dingsj\AppData\Local\Temp\surefire1695983127865366721\surefirebooter6061481991133391660.jar"/>
    <property name="sun.boot.class.path" value="E:\software\java\JDK8\jre\lib\resources.jar;E:\software\java\JDK8\jre\lib\rt.jar;E:\software\java\JDK8\jre\lib\sunrsasign.jar;E:\software\java\JDK8\jre\lib\jsse.jar;E:\software\java\JDK8\jre\lib\jce.jar;E:\software\java\JDK8\jre\lib\charsets.jar;E:\software\java\JDK8\jre\lib\jfr.jar;E:\software\java\JDK8\jre\classes"/>
    <property name="user.script" value=""/>
    <property name="sun.management.compiler" value="HotSpot 64-Bit Tiered Compilers"/>
    <property name="java.runtime.version" value="1.8.0_112-b15"/>
    <property name="user.name" value="dingsj"/>
    <property name="path.separator" value=";"/>
    <property name="os.version" value="10.0"/>
    <property name="java.endorsed.dirs" value="E:\software\java\JDK8\jre\lib\endorsed"/>
    <property name="java.runtime.name" value="Java(TM) SE Runtime Environment"/>
    <property name="file.encoding" value="GBK"/>
    <property name="java.vm.name" value="Java HotSpot(TM) 64-Bit Server VM"/>
    <property name="localRepository" value="E:\software\java\apache-maven-3.3.9\LIB-DOWNLOADS"/>
    <property name="java.vendor.url.bug" value="http://bugreport.sun.com/bugreport/"/>
    <property name="java.io.tmpdir" value="C:\Users\dingsj\AppData\Local\Temp\"/>
    <property name="idea.version" value="2018.3.2"/>
    <property name="java.version" value="1.8.0_112"/>
    <property name="user.dir" value="E:\ideaSpace\MyJava\demo"/>
    <property name="os.arch" value="amd64"/>
    <property name="java.vm.specification.name" value="Java Virtual Machine Specification"/>
    <property name="java.awt.printerjob" value="sun.awt.windows.WPrinterJob"/>
    <property name="sun.os.patch.level" value=""/>
    <property name="java.library.path" value="E:\software\java\JDK8\jre\bin;C:\WINDOWS\Sun\Java\bin;C:\WINDOWS\system32;C:\WINDOWS;E:\SOFTWARE\ORACLE\PRODUCT\11.2.0\DBHOME_1\BIN;E:\software\Oracle\product\11.2.0\dbhome_1\bin;C:\MinGW\bin;C:\WINDOWS\SYSTEM32;C:\WINDOWS;C:\WINDOWS\SYSTEM32\WBEM;C:\WINDOWS\SYSTEM32\WINDOWSPOWERSHELL\V1.0\;E:\SOFTWARE\SVN\BIN;C:\PROGRAM FILES (X86)\NVIDIA CORPORATION\PHYSX\COMMON;E:\software\java\JDK8\BIN;E:\software\java\JDK8\JRE\BIN;E:\SOFTWARE\MYSQL\BIN;E:\software\java\apache-maven-3.3.9\BIN;E:\SOFTWARE\NODE\;E:\SOFTWARE\GIT\CMD;E:\SOFTWARE\TORTOISEGIT\BIN;C:\WINDOWS\SYSTEM32;C:\WINDOWS;C:\WINDOWS\SYSTEM32\WBEM;C:\WINDOWS\SYSTEM32\WINDOWSPOWERSHELL\V1.0\;C:\Program Files\WIDCOMM\Bluetooth Software\;C:\Program Files\WIDCOMM\Bluetooth Software\syswow64;C:\WINDOWS\system32;C:\WINDOWS;C:\WINDOWS\System32\Wbem;C:\WINDOWS\System32\WindowsPowerShell\v1.0\;C:\WINDOWS\System32\OpenSSH\;E:\software\Git\cmd;C:\Program Files\MySQL\MySQL Shell 8.0\bin\;C:\Users\dingsj\AppData\Local\Microsoft\WindowsApps;;."/>
    <property name="java.vm.info" value="mixed mode"/>
    <property name="java.vendor" value="Oracle Corporation"/>
    <property name="java.vm.version" value="25.112-b15"/>
    <property name="java.ext.dirs" value="E:\software\java\JDK8\jre\lib\ext;C:\WINDOWS\Sun\Java\lib\ext"/>
    <property name="sun.io.unicode.encoding" value="UnicodeLittle"/>
    <property name="java.class.version" value="52.0"/>
  </properties>
  <testcase name="contextLoads" classname="com.example.demo.DemoApplicationTests" time="0.222"/>
</testsuite>